<?xml version="1.0" encoding="UTF-8"?>
<testsuite xmlns:xsi="http://www.w3.org/2001/XMLSchema-instance" xsi:noNamespaceSchemaLocation="https://maven.apache.org/surefire/maven-surefire-plugin/xsd/surefire-test-report-3.0.xsd" version="3.0" name="com.cronit.util.PasswordUtilTest" time="8.812" tests="4" errors="0" skipped="0" failures="0">
  <properties>
    <property name="java.specification.version" value="21"/>
    <property name="sun.jnu.encoding" value="UTF-8"/>
    <property name="java.class.path" value="/home/apoptosis/Documents/Cronit/cronit/target/test-classes:/home/apoptosis/Documents/Cronit/cronit/target/classes:/home/apoptosis/.m2/repository/com/mysql/mysql-connector-j/8.0.33/mysql-connector-j-8.0.33.jar:/home/apoptosis/.m2/repository/com/google/protobuf/protobuf-java/3.21.9/protobuf-java-3.21.9.jar:/home/apoptosis/.m2/repository/org/slf4j/slf4j-nop/2.0.9/slf4j-nop-2.0.9.jar:/home/apoptosis/.m2/repository/org/slf4j/slf4j-api/2.0.9/slf4j-api-2.0.9.jar:/home/apoptosis/.m2/repository/at/favre/lib/bcrypt/0.9.0/bcrypt-0.9.0.jar:/home/apoptosis/.m2/repository/at/favre/lib/bytes/1.3.0/bytes-1.3.0.jar:/home/apoptosis/.m2/repository/org/junit/jupiter/junit-jupiter-api/5.10.0/junit-jupiter-api-5.10.0.jar:/home/apoptosis/.m2/repository/org/opentest4j/opentest4j/1.3.0/opentest4j-1.3.0.jar:/home/apoptosis/.m2/repository/org/junit/platform/junit-platform-commons/1.10.0/junit-platform-commons-1.10.0.jar:/home/apoptosis/.m2/repository/org/apiguardian/apiguardian-api/1.1.2/apiguardian-api-1.1.2.jar:/home/apoptosis/.m2/repository/org/junit/jupiter/junit-jupiter-engine/5.10.0/junit-jupiter-engine-5.10.0.jar:/home/apoptosis/.m2/repository/org/junit/platform/junit-platform-engine/1.10.0/junit-platform-engine-1.10.0.jar:/home/apoptosis/.m2/repository/org/mockito/mockito-core/5.10.0/mockito-core-5.10.0.jar:/home/apoptosis/.m2/repository/net/bytebuddy/byte-buddy/1.14.11/byte-buddy-1.14.11.jar:/home/apoptosis/.m2/repository/net/bytebuddy/byte-buddy-agent/1.14.11/byte-buddy-agent-1.14.11.jar:/home/apoptosis/.m2/repository/org/objenesis/objenesis/3.3/objenesis-3.3.jar:/home/apoptosis/.m2/repository/com/zaxxer/HikariCP/7.0.1/HikariCP-7.0.1.jar:/home/apoptosis/.m2/repository/de/mkammerer/argon2-jvm/2.4/argon2-jvm-2.4.jar:/home/apoptosis/.m2/repository/net/java/dev/jna/jna/4.5.0/jna-4.5.0.jar:"/>
    <property name="java.vm.vendor" value="Oracle Corporation"/>
    <property name="sun.arch.data.model" value="64"/>
    <property name="java.vendor.url" value="https://java.oracle.com/"/>
    <property name="os.name" value="Linux"/>
    <property name="java.vm.specification.version" value="21"/>
    <property name="sun.java.launcher" value="SUN_STANDARD"/>
    <property name="user.country" value="PH"/>
    <property name="sun.boot.library.path" value="/usr/lib/jvm/jdk-21.0.8-oracle-x64/lib"/>
    <property name="sun.java.command" value="/home/apoptosis/Documents/Cronit/cronit/target/surefire/surefirebooter-20250829114722116_3.jar /home/apoptosis/Documents/Cronit/cronit/target/surefire 2025-08-29T11-47-21_721-jvmRun1 surefire-20250829114722116_1tmp surefire_0-20250829114722116_2tmp"/>
    <property name="jdk.debug" value="release"/>
    <property name="surefire.test.class.path" value="/home/apoptosis/Documents/Cronit/cronit/target/test-classes:/home/apoptosis/Documents/Cronit/cronit/target/classes:/home/apoptosis/.m2/repository/com/mysql/mysql-connector-j/8.0.33/mysql-connector-j-8.0.33.jar:/home/apoptosis/.m2/repository/com/google/protobuf/protobuf-java/3.21.9/protobuf-java-3.21.9.jar:/home/apoptosis/.m2/repository/org/slf4j/slf4j-nop/2.0.9/slf4j-nop-2.0.9.jar:/home/apoptosis/.m2/repository/org/slf4j/slf4j-api/2.0.9/slf4j-api-2.0.9.jar:/home/apoptosis/.m2/repository/at/favre/lib/bcrypt/0.9.0/bcrypt-0.9.0.jar:/home/apoptosis/.m2/repository/at/favre/lib/bytes/1.3.0/bytes-1.3.0.jar:/home/apoptosis/.m2/repository/org/junit/jupiter/junit-jupiter-api/5.10.0/junit-jupiter-api-5.10.0.jar:/home/apoptosis/.m2/repository/org/opentest4j/opentest4j/1.3.0/opentest4j-1.3.0.jar:/home/apoptosis/.m2/repository/org/junit/platform/junit-platform-commons/1.10.0/junit-platform-commons-1.10.0.jar:/home/apoptosis/.m2/repository/org/apiguardian/apiguardian-api/1.1.2/apiguardian-api-1.1.2.jar:/home/apoptosis/.m2/repository/org/junit/jupiter/junit-jupiter-engine/5.10.0/junit-jupiter-engine-5.10.0.jar:/home/apoptosis/.m2/repository/org/junit/platform/junit-platform-engine/1.10.0/junit-platform-engine-1.10.0.jar:/home/apoptosis/.m2/repository/org/mockito/mockito-core/5.10.0/mockito-core-5.10.0.jar:/home/apoptosis/.m2/repository/net/bytebuddy/byte-buddy/1.14.11/byte-buddy-1.14.11.jar:/home/apoptosis/.m2/repository/net/bytebuddy/byte-buddy-agent/1.14.11/byte-buddy-agent-1.14.11.jar:/home/apoptosis/.m2/repository/org/objenesis/objenesis/3.3/objenesis-3.3.jar:/home/apoptosis/.m2/repository/com/zaxxer/HikariCP/7.0.1/HikariCP-7.0.1.jar:/home/apoptosis/.m2/repository/de/mkammerer/argon2-jvm/2.4/argon2-jvm-2.4.jar:/home/apoptosis/.m2/repository/net/java/dev/jna/jna/4.5.0/jna-4.5.0.jar:"/>
    <property name="sun.cpu.endian" value="little"/>
    <property name="user.home" value="/home/apoptosis"/>
    <property name="user.language" value="en"/>
    <property name="java.specification.vendor" value="Oracle Corporation"/>
    <property name="java.version.date" value="2025-07-15"/>
    <property name="java.home" value="/usr/lib/jvm/jdk-21.0.8-oracle-x64"/>
    <property name="file.separator" value="/"/>
    <property name="basedir" value="/home/apoptosis/Documents/Cronit/cronit"/>
    <property name="java.vm.compressedOopsMode" value="Zero based"/>
    <property name="line.separator" value="&#10;"/>
    <property name="java.vm.specification.vendor" value="Oracle Corporation"/>
    <property name="java.specification.name" value="Java Platform API Specification"/>
    <property name="surefire.real.class.path" value="/home/apoptosis/Documents/Cronit/cronit/target/surefire/surefirebooter-20250829114722116_3.jar"/>
    <property name="sun.management.compiler" value="HotSpot 64-Bit Tiered Compilers"/>
    <property name="java.runtime.version" value="21.0.8+12-LTS-250"/>
    <property name="user.name" value="apoptosis"/>
    <property name="stdout.encoding" value="UTF-8"/>
    <property name="path.separator" value=":"/>
    <property name="os.version" value="6.14.0-28-generic"/>
    <property name="java.runtime.name" value="Java(TM) SE Runtime Environment"/>
    <property name="file.encoding" value="UTF-8"/>
    <property name="jnidispatch.path" value="/tmp/jna-1442512946/jna12515303014588487251.tmp"/>
    <property name="java.vm.name" value="Java HotSpot(TM) 64-Bit Server VM"/>
    <property name="jna.platform.library.path" value="/usr/lib/x86_64-linux-gnu:/lib/x86_64-linux-gnu:/usr/lib64:/lib64:/usr/lib:/lib:/lib/i386-linux-gnu"/>
    <property name="localRepository" value="/home/apoptosis/.m2/repository"/>
    <property name="jna.loaded" value="true"/>
    <property name="java.vendor.url.bug" value="https://bugreport.java.com/bugreport/"/>
    <property name="java.io.tmpdir" value="/tmp"/>
    <property name="java.version" value="21.0.8"/>
    <property name="user.dir" value="/home/apoptosis/Documents/Cronit/cronit"/>
    <property name="os.arch" value="amd64"/>
    <property name="java.vm.specification.name" value="Java Virtual Machine Specification"/>
    <property name="native.encoding" value="UTF-8"/>
    <property name="java.library.path" value="/usr/java/packages/lib:/usr/lib64:/lib64:/lib:/usr/lib"/>
    <property name="java.vm.info" value="mixed mode, sharing"/>
    <property name="stderr.encoding" value="UTF-8"/>
    <property name="java.vendor" value="Oracle Corporation"/>
    <property name="java.vm.version" value="21.0.8+12-LTS-250"/>
    <property name="sun.io.unicode.encoding" value="UnicodeLittle"/>
    <property name="java.class.version" value="65.0"/>
  </properties>
  <testcase name="testHashAndVerifyPassword" classname="com.cronit.util.PasswordUtilTest" time="2.271"/>
  <testcase name="testWrongPasswordFailsVerification" classname="com.cronit.util.PasswordUtilTest" time="1.857"/>
  <testcase name="testDifferentPasswordsProduceDifferentHashes" classname="com.cronit.util.PasswordUtilTest" time="1.797"/>
  <testcase name="testSamePasswordDifferentSaltDifferentHashes" classname="com.cronit.util.PasswordUtilTest" time="2.792"/>
</testsuite>